0 info it worked if it ends with ok
1 verbose cli [ '/usr/local/bin/node', '/usr/local/bin/npm', 'publish' ]
2 info using npm@3.10.8
3 info using node@v7.0.0
4 verbose publish [ '.' ]
5 silly cache add args [ '.', null ]
6 verbose cache add spec .
7 silly cache add parsed spec Result {
7 silly cache add   raw: '.',
7 silly cache add   scope: null,
7 silly cache add   escapedName: null,
7 silly cache add   name: null,
7 silly cache add   rawSpec: '.',
7 silly cache add   spec: '/Volumes/MacPro Data HD/Clients/pliqo/http/wordpress-query-users',
7 silly cache add   type: 'directory' }
8 verbose addLocalDirectory /Users/ryan/.npm/wordpress-query-users/0.1.0/package.tgz not in flight; packing
9 verbose correctMkdir /Users/ryan/.npm correctMkdir not in flight; initializing
10 info lifecycle wordpress-query-users@0.1.0~prepublish: wordpress-query-users@0.1.0
11 silly lifecycle wordpress-query-users@0.1.0~prepublish: no script for prepublish, continuing
12 verbose tar pack [ '/Users/ryan/.npm/wordpress-query-users/0.1.0/package.tgz',
12 verbose tar pack   '/Volumes/MacPro Data HD/Clients/pliqo/http/wordpress-query-users' ]
13 verbose tarball /Users/ryan/.npm/wordpress-query-users/0.1.0/package.tgz
14 verbose folder /Volumes/MacPro Data HD/Clients/pliqo/http/wordpress-query-users
15 verbose addLocalTarball adding from inside cache /Users/ryan/.npm/wordpress-query-users/0.1.0/package.tgz
16 verbose correctMkdir /Users/ryan/.npm correctMkdir not in flight; initializing
17 silly cache afterAdd wordpress-query-users@0.1.0
18 verbose afterAdd /Users/ryan/.npm/wordpress-query-users/0.1.0/package/package.json not in flight; writing
19 verbose correctMkdir /Users/ryan/.npm correctMkdir not in flight; initializing
20 verbose afterAdd /Users/ryan/.npm/wordpress-query-users/0.1.0/package/package.json written
21 silly publish { name: 'wordpress-query-users',
21 silly publish   version: '0.1.0',
21 silly publish   description: 'A component for fetching WordPress users from the REST API.',
21 silly publish   repository:
21 silly publish    { type: 'git',
21 silly publish      url: 'git+https://github.com/ryanvannin/wordpress-query-users.git' },
21 silly publish   keywords: [ 'react', 'react-component', 'wordpress', 'wpapi' ],
21 silly publish   license: 'MIT',
21 silly publish   devDependencies:
21 silly publish    { 'babel-cli': '^6.18.0',
21 silly publish      'babel-core': '^6.17.0',
21 silly publish      'babel-eslint': '^7.0.0',
21 silly publish      'babel-plugin-add-module-exports': '^0.2.1',
21 silly publish      'babel-plugin-lodash': '^3.2.9',
21 silly publish      'babel-plugin-syntax-jsx': '^6.13.0',
21 silly publish      'babel-polyfill': '^6.16.0',
21 silly publish      'babel-preset-es2015': '^6.16.0',
21 silly publish      'babel-preset-react': '^6.16.0',
21 silly publish      'babel-preset-stage-0': '^6.16.0',
21 silly publish      'babel-register': '^6.18.0',
21 silly publish      chai: '^3.5.0',
21 silly publish      'deep-freeze': '0.0.1',
21 silly publish      eslint: '^3.8.1',
21 silly publish      'eslint-plugin-react': '^6.4.1',
21 silly publish      sinon: '^1.17.6' },
21 silly publish   dependencies:
21 silly publish    { debug: '^2.2.0',
21 silly publish      lodash: '^4.16.6',
21 silly publish      qs: '^6.3.0',
21 silly publish      react: '^15.3.2',
21 silly publish      'react-redux': '^4.4.5',
21 silly publish      redux: '^3.6.0',
21 silly publish      shallowequal: '^0.2.2',
21 silly publish      'wordpress-rest-api-oauth-1': '^1.0.8' },
21 silly publish   engines: { node: '>=0.10' },
21 silly publish   main: 'lib/index.js',
21 silly publish   files: [ 'lib' ],
21 silly publish   scripts:
21 silly publish    { build: 'babel src --out-dir lib',
21 silly publish      watch: 'babel src --out-dir lib --watch',
21 silly publish      lint: 'eslint js --ext=js,jsx',
21 silly publish      test: 'mocha  --require ./mocha-setup',
21 silly publish      preversion: 'npm test',
21 silly publish      version: 'npm run build && git add -A lib',
21 silly publish      postversion: 'git push && git push --tags' },
21 silly publish   bugs: { url: 'https://github.com/ryanvannin/wordpress-query-users/issues' },
21 silly publish   homepage: 'https://github.com/ryanvannin/wordpress-query-users#readme',
21 silly publish   directories: { test: 'test' },
21 silly publish   author:
21 silly publish    { name: 'Ryan Vannin',
21 silly publish      email: 'ryan@plastical.com',
21 silly publish      url: 'http://plastical.com' },
21 silly publish   readme: 'WordPress Query Users\n=====================\n\nInspired by the original WordPress Query Posts, this does the same with users.\nhttps://github.com/ryelle/wordpress-query-posts#post-state',
21 silly publish   readmeFilename: 'README.md',
21 silly publish   gitHead: '413a2c3a1fbcae4e16e259bf2cdea505ebaad75b',
21 silly publish   _id: 'wordpress-query-users@0.1.0',
21 silly publish   _shasum: 'e44f158115c7370a75572dc32ce31812dba12477',
21 silly publish   _from: '.' }
22 verbose getPublishConfig undefined
23 silly mapToRegistry name wordpress-query-users
24 silly mapToRegistry using default registry
25 silly mapToRegistry registry https://registry.npmjs.org/
26 silly mapToRegistry data Result {
26 silly mapToRegistry   raw: 'wordpress-query-users',
26 silly mapToRegistry   scope: null,
26 silly mapToRegistry   escapedName: 'wordpress-query-users',
26 silly mapToRegistry   name: 'wordpress-query-users',
26 silly mapToRegistry   rawSpec: '',
26 silly mapToRegistry   spec: 'latest',
26 silly mapToRegistry   type: 'tag' }
27 silly mapToRegistry uri https://registry.npmjs.org/wordpress-query-users
28 verbose publish registryBase https://registry.npmjs.org/
29 silly publish uploading /Users/ryan/.npm/wordpress-query-users/0.1.0/package.tgz
30 verbose request uri https://registry.npmjs.org/wordpress-query-users
31 verbose request sending authorization for write operation
32 info attempt registry request try #1 at 10:18:06 AM
33 verbose request using bearer token for auth
34 verbose request id 35f112b39a13c3fb
35 http request PUT https://registry.npmjs.org/wordpress-query-users
36 http 403 https://registry.npmjs.org/wordpress-query-users
37 verbose headers { 'content-type': 'application/json',
37 verbose headers   'cache-control': 'max-age=300',
37 verbose headers   'content-length': '95',
37 verbose headers   'accept-ranges': 'bytes',
37 verbose headers   date: 'Fri, 09 Dec 2016 09:18:08 GMT',
37 verbose headers   via: '1.1 varnish',
37 verbose headers   connection: 'keep-alive',
37 verbose headers   'x-served-by': 'cache-hhn1543-HHN',
37 verbose headers   'x-cache': 'MISS',
37 verbose headers   'x-cache-hits': '0',
37 verbose headers   'x-timer': 'S1481275087.104839,VS0,VE1187',
37 verbose headers   vary: 'Accept-Encoding' }
38 verbose request invalidating /Users/ryan/.npm/registry.npmjs.org/wordpress-query-users on PUT
39 error publish Failed PUT 403
40 verbose stack Error: "You cannot publish over the previously published version 0.1.0." : wordpress-query-users
40 verbose stack     at makeError (/usr/local/lib/node_modules/npm/node_modules/npm-registry-client/lib/request.js:302:12)
40 verbose stack     at CachingRegistryClient.<anonymous> (/usr/local/lib/node_modules/npm/node_modules/npm-registry-client/lib/request.js:290:14)
40 verbose stack     at Request._callback (/usr/local/lib/node_modules/npm/node_modules/npm-registry-client/lib/request.js:210:14)
40 verbose stack     at Request.self.callback (/usr/local/lib/node_modules/npm/node_modules/request/request.js:187:22)
40 verbose stack     at emitTwo (events.js:106:13)
40 verbose stack     at Request.emit (events.js:191:7)
40 verbose stack     at Request.<anonymous> (/usr/local/lib/node_modules/npm/node_modules/request/request.js:1044:10)
40 verbose stack     at emitOne (events.js:96:13)
40 verbose stack     at Request.emit (events.js:188:7)
40 verbose stack     at IncomingMessage.<anonymous> (/usr/local/lib/node_modules/npm/node_modules/request/request.js:965:12)
41 verbose statusCode 403
42 verbose pkgid wordpress-query-users
43 verbose cwd /Volumes/MacPro Data HD/Clients/pliqo/http/wordpress-query-users
44 error Darwin 15.6.0
45 error argv "/usr/local/bin/node" "/usr/local/bin/npm" "publish"
46 error node v7.0.0
47 error npm  v3.10.8
48 error code E403
49 error "You cannot publish over the previously published version 0.1.0." : wordpress-query-users
50 error If you need help, you may report this error at:
50 error     <https://github.com/npm/npm/issues>
51 verbose exit [ 1, true ]
